{"level":"info","message":"Server Runnin on ${PORT}","timestamp":"11:55:32"}
{"level":"info","message":"mongo is connected","timestamp":"11:55:34"}
{"level":"info","message":"user is connected with : ${socket.id}","timestamp":"11:55:39"}
{"level":"info","message":"user is connected with : ${socket.id}","timestamp":"11:55:39"}
{"level":"info","message":"Server Runnin on ${PORT}","timestamp":"13:50:32"}
{"level":"info","message":"mongo is connected","timestamp":"13:50:32"}
{"level":"info","message":"Server Runnin on","timestamp":"13:52:26"}
{"level":"info","message":"mongo is connected","timestamp":"13:52:27"}
{"level":"info","message":"user is connected with :,G_XwzhmiVCtVFbGUAAAB","timestamp":"14:00:48"}
{"level":"info","message":"user logged in","timestamp":"14:01:24"}
{"level":"info","message":"user is connected with :,d8Y2HaKFojs-JWEtAAAD","timestamp":"14:01:25"}
{"level":"info","message":"user is connected with :,WBoWDMiLKdWh-BTCAAAF","timestamp":"14:03:17"}
{"level":"info","message":"user logged in","timestamp":"14:03:37"}
{"level":"info","message":"user is connected with :,93cXVKdXsLnzEfSQAAAH","timestamp":"14:03:38"}
{"level":"info","message":"Server Runnin on","timestamp":"14:05:15"}
{"level":"info","message":"mongo is connected","timestamp":"14:05:16"}
{"level":"info","message":"user is connected with :,jJoTB8f56X1u0Z8UAAAB","timestamp":"14:05:17"}
{"level":"info","message":"user is connected with :,r4XXk5_EgAf-OXJuAAAD","timestamp":"14:05:18"}
{"level":"info","message":"Server Runnin on","timestamp":"14:07:30"}
{"level":"info","message":"user is connected with :,gh-uYZy9GGEvNOPYAAAB","timestamp":"14:07:30"}
{"level":"info","message":"mongo is connected","timestamp":"14:07:31"}
{"level":"info","message":"user is connected with :,aO7PgfUis0UG8ffTAAAE","timestamp":"14:07:35"}
{"level":"info","message":"user logged in","timestamp":"14:07:50"}
{"level":"info","message":"user is connected with :,QCaBoZw4d8thqkd4AAAG","timestamp":"21:29:41"}
{"level":"info","message":"user is connected with :,XbYfZ58mj5LRX_mhAAAK","timestamp":"21:30:54"}
{"level":"info","message":"user is connected with :,LZhGnF-t61Qo0IYfAAAM","timestamp":"23:16:16"}
{"level":"info","message":"user is connected with :,D9Ejw26KqtGKSqA_AAAO","timestamp":"18:27:18"}
{"level":"info","message":"user is connected with :,QzJSj9BaTq6-SC9oAAAS","timestamp":"18:28:50"}
{"level":"info","message":"user logged in","timestamp":"19:11:00"}
{"level":"info","message":"user is connected with :,7lPlhuJZ0bHL0GNfAAAU","timestamp":"21:07:15"}
{"level":"info","message":"user logged in","timestamp":"21:16:07"}
{"level":"info","message":"user logged in","timestamp":"21:19:31"}
{"level":"info","message":"Server Runnin on","timestamp":"22:00:01"}
{"level":"info","message":"mongo is connected","timestamp":"22:00:01"}
{"level":"info","message":"user is connected with :,KHJCEVwcvSaEJKhkAAAB","timestamp":"22:00:03"}
{"level":"info","message":"Server Runnin on","timestamp":"22:03:58"}
{"level":"info","message":"user is connected with :,JSSxvKEPpcz4LH0AAAAB","timestamp":"22:03:59"}
{"level":"info","message":"mongo is connected","timestamp":"22:03:59"}
{"level":"info","message":"Server Runnin on","timestamp":"22:04:21"}
{"level":"info","message":"user is connected with :,0KV-XyR9Y6dX39WSAAAB","timestamp":"22:04:21"}
{"level":"info","message":"mongo is connected","timestamp":"22:04:22"}
{"level":"info","message":"Server Runnin on","timestamp":"22:04:39"}
{"level":"info","message":"user is connected with :,UQXIsCvxeqECLiJ7AAAB","timestamp":"22:04:39"}
{"level":"info","message":"mongo is connected","timestamp":"22:04:40"}
{"level":"info","message":"user is connected with :,_ePLb79JaATZJOlTAAAD","timestamp":"11:59:05"}
{"level":"info","message":"Server Runnin on","timestamp":"12:07:10"}
{"level":"info","message":"user is connected with :,qwd0QFHiLq-GKdrQAAAB","timestamp":"12:07:11"}
{"level":"info","message":"mongo is connected","timestamp":"12:07:11"}
{"level":"info","message":"user is connected with :,NT4i_GNZb0BrBWwOAAAD","timestamp":"14:12:40"}
{"level":"info","message":"user is connected with :,bisqvaAfwTSvO_NTAAAF","timestamp":"18:48:12"}
{"level":"info","message":"Server Runnin on","timestamp":"19:12:52"}
{"level":"info","message":"user is connected with :,RIIW0GUg40WbPm6VAAAB","timestamp":"19:12:55"}
{"level":"info","message":"mongo is connected","timestamp":"19:12:56"}
{"level":"info","message":"Server Runnin on","timestamp":"19:15:48"}
{"level":"info","message":"user is connected with :,h3v9DNmq7r4DhF-wAAAB","timestamp":"19:15:48"}
{"level":"info","message":"mongo is connected","timestamp":"19:15:49"}
{"level":"info","message":"Server Runnin on","timestamp":"19:16:51"}
{"level":"info","message":"user is connected with :,gPc-5PzxPLmGZ-ZbAAAB","timestamp":"19:16:51"}
{"level":"info","message":"mongo is connected","timestamp":"19:16:51"}
{"level":"info","message":"Server Runnin on","timestamp":"12:01:03"}
{"level":"info","message":"mongo is connected","timestamp":"12:01:04"}
{"level":"info","message":"user is connected with :,cXrJqQS6A1NwuqyCAAAB","timestamp":"12:01:05"}
{"level":"info","message":"Server Runnin on","timestamp":"12:03:47"}
{"level":"info","message":"mongo is connected","timestamp":"12:03:48"}
{"level":"info","message":"user is connected with :,7jW9J7x_Ehk025bjAAAB","timestamp":"12:03:49"}
{"level":"info","message":"Server Runnin on","timestamp":"12:05:20"}
{"level":"info","message":"user is connected with :,_gAKlvMc8Zd28-XuAAAB","timestamp":"12:05:20"}
{"level":"info","message":"mongo is connected","timestamp":"12:05:21"}
{"level":"info","message":"Server Runnin on","timestamp":"12:06:36"}
{"level":"info","message":"user is connected with :,zmx_m0Csu0jjFMOvAAAB","timestamp":"12:06:36"}
{"level":"info","message":"mongo is connected","timestamp":"12:06:36"}
{"level":"info","message":"Server Runnin on","timestamp":"12:07:23"}
{"level":"info","message":"user is connected with :,5fedAWCfMYy13LIgAAAB","timestamp":"12:07:23"}
{"level":"info","message":"mongo is connected","timestamp":"12:07:24"}
{"level":"info","message":"Server Runnin on","timestamp":"12:08:53"}
{"level":"info","message":"user is connected with :,pi8-eiigVWTd-uIrAAAB","timestamp":"12:08:53"}
{"level":"info","message":"mongo is connected","timestamp":"12:08:54"}
{"level":"info","message":"user is connected with :,9Qd69QSfd8kvZmJVAAAD","timestamp":"13:03:26"}
{"level":"info","message":"Server Runnin on","timestamp":"10:45:59"}
{"level":"info","message":"mongo is connected","timestamp":"10:46:06"}
{"level":"info","message":"user is connected with :,jFPZnaP02cHRJZQ_AAAB","timestamp":"10:47:50"}
{"level":"info","message":"Server Runnin on","timestamp":"10:50:13"}
{"level":"info","message":"mongo is connected","timestamp":"10:50:14"}
{"level":"info","message":"user is connected with :,YA1sET4TvqDqnQJyAAAB","timestamp":"10:50:17"}
{"level":"info","message":"user logged in","timestamp":"12:38:09"}
{"level":"info","message":"user logged in","timestamp":"12:38:10"}
{"level":"info","message":"user logged in","timestamp":"12:38:10"}
{"level":"info","message":"Server Runnin on","timestamp":"12:01:40"}
{"level":"info","message":"mongo is connected","timestamp":"12:01:42"}
{"level":"info","message":"user logged in","timestamp":"12:02:58"}
{"level":"info","message":"user logged in","timestamp":"13:12:16"}
